\BOOKMARK [1][-]{section*.2}{Liste des figures}{}% 1
\BOOKMARK [1][-]{section*.3}{Liste des tables}{}% 2
\BOOKMARK [1][-]{section.1}{Introduction g\351n\351rale}{}% 3
\BOOKMARK [1][-]{section.1}{Chapitre 1 : \311tat de l'art}{}% 4
\BOOKMARK [1][-]{section.2}{Apprentissage automatique \(Machine Learning\)}{}% 5
\BOOKMARK [2][-]{subsection.2.1}{Introduction}{section.2}% 6
\BOOKMARK [2][-]{subsection.2.2}{Techniques d'apprentissage automatique}{section.2}% 7
\BOOKMARK [3][-]{subsubsection.2.2.1}{Apprentissage supervis\351}{subsection.2.2}% 8
\BOOKMARK [3][-]{subsubsection.2.2.2}{Apprentissage non-supervis\351}{subsection.2.2}% 9
\BOOKMARK [2][-]{subsection.2.3}{Autres techniques d'apprentissage}{section.2}% 10
\BOOKMARK [3][-]{subsubsection.2.3.1}{Apprentissage semi-supervis\351}{subsection.2.3}% 11
\BOOKMARK [3][-]{subsubsection.2.3.2}{Apprentissage par renforcement}{subsection.2.3}% 12
\BOOKMARK [2][-]{subsection.2.4}{Conclusion}{section.2}% 13
\BOOKMARK [1][-]{section.3}{Apprentissage profond \(Deep Learning\)}{}% 14
\BOOKMARK [2][-]{subsection.3.1}{Introduction}{section.3}% 15
\BOOKMARK [2][-]{subsection.3.2}{D\351finition}{section.3}% 16
\BOOKMARK [2][-]{subsection.3.3}{R\351seaux de Neurones Artificiels \(ANNs\)}{section.3}% 17
\BOOKMARK [3][-]{subsubsection.3.3.1}{Historique}{subsection.3.3}% 18
\BOOKMARK [3][-]{subsubsection.3.3.2}{Neurone biologique}{subsection.3.3}% 19
\BOOKMARK [3][-]{subsubsection.3.3.3}{D\351finition}{subsection.3.3}% 20
\BOOKMARK [2][-]{subsection.3.4}{R\351seau neuronal convolutif \(CNN\)}{section.3}% 21
\BOOKMARK [2][-]{subsection.3.5}{R\351gression}{section.3}% 22
\BOOKMARK [2][-]{subsection.3.6}{Quelques concepts utiles}{section.3}% 23
\BOOKMARK [2][-]{subsection.3.7}{Conclusion}{section.3}% 24
\BOOKMARK [1][-]{section.4}{Traitement d\220Image \(Image Processing\)}{}% 25
\BOOKMARK [2][-]{subsection.4.1}{Introduction}{section.4}% 26
\BOOKMARK [2][-]{subsection.4.2}{Image num\351rique}{section.4}% 27
\BOOKMARK [2][-]{subsection.4.3}{Image thermique}{section.4}% 28
\BOOKMARK [2][-]{subsection.4.4}{Traitement d\220image}{section.4}% 29
\BOOKMARK [2][-]{subsection.4.5}{But du traitement d'image}{section.4}% 30
\BOOKMARK [2][-]{subsection.4.6}{M\351thodes pour le traitement d\220image}{section.4}% 31
\BOOKMARK [2][-]{subsection.4.7}{Applications existantes}{section.4}% 32
\BOOKMARK [2][-]{subsection.4.8}{Perspectives de la recherche}{section.4}% 33
\BOOKMARK [2][-]{subsection.4.9}{Conclusion}{section.4}% 34
\BOOKMARK [1][-]{subsection.4.9}{Chapitre 2 : Contexte et probl\351matique du projet}{}% 35
\BOOKMARK [1][-]{section.1}{Introduction}{}% 36
\BOOKMARK [1][-]{section.2}{E-sant\351}{}% 37
\BOOKMARK [2][-]{subsection.2.1}{D\351finition}{section.2}% 38
\BOOKMARK [2][-]{subsection.2.2}{Domaines d\220application}{section.2}% 39
\BOOKMARK [2][-]{subsection.2.3}{Importance de la e-sant\351}{section.2}% 40
\BOOKMARK [2][-]{subsection.2.4}{Avantages et inconv\351nients}{section.2}% 41
\BOOKMARK [1][-]{section.3}{Sant\351 connect\351e}{}% 42
\BOOKMARK [2][-]{subsection.3.1}{Principales fonctions de la sant\351 connect\351e}{section.3}% 43
\BOOKMARK [2][-]{subsection.3.2}{Diff\351rents champs d\220application de la sant\351 connect\351e}{section.3}% 44
\BOOKMARK [2][-]{subsection.3.3}{Internet des objets en sant\351}{section.3}% 45
\BOOKMARK [1][-]{section.4}{Temp\351rature corporelle}{}% 46
\BOOKMARK [2][-]{subsection.4.1}{D\351finition}{section.4}% 47
\BOOKMARK [2][-]{subsection.4.2}{Temp\351rature chez les enfants}{section.4}% 48
\BOOKMARK [2][-]{subsection.4.3}{Causes de l'\351l\351vation de la temp\351rature chez l\220enfant}{section.4}% 49
\BOOKMARK [1][-]{section.5}{Cancer}{}% 50
\BOOKMARK [2][-]{subsection.5.1}{D\351finition}{section.5}% 51
\BOOKMARK [2][-]{subsection.5.2}{Cancer de l\220enfant}{section.5}% 52
\BOOKMARK [2][-]{subsection.5.3}{Cancers les plus fr\351quents chez les enfants}{section.5}% 53
\BOOKMARK [2][-]{subsection.5.4}{Sympt\364mes}{section.5}% 54
\BOOKMARK [2][-]{subsection.5.5}{Conclusion}{section.5}% 55
\BOOKMARK [1][-]{section.6}{Probl\350me de la prise de temp\351rature corporelle chez les enfants canc\351reux}{}% 56
\BOOKMARK [2][-]{subsection.6.1}{Introduction}{section.6}% 57
\BOOKMARK [2][-]{subsection.6.2}{Solutions existantes}{section.6}% 58
\BOOKMARK [1][-]{section.7}{Solution Propos\351e}{}% 59
\BOOKMARK [1][-]{section.8}{Tableau comparatif}{}% 60
\BOOKMARK [1][-]{section.9}{Conclusion}{}% 61
\BOOKMARK [1][-]{section.9}{Chapitre 3 : Conception de la solution propos\351e}{}% 62
\BOOKMARK [1][-]{section.1}{Introduction et objectifs}{}% 63
\BOOKMARK [1][-]{section.2}{Architecture g\351n\351rale de la solution}{}% 64
\BOOKMARK [2][-]{subsection.2.1}{Pr\351sentation de la solution}{section.2}% 65
\BOOKMARK [2][-]{subsection.2.2}{Objectifs du processus g\351n\351ral}{section.2}% 66
\BOOKMARK [2][-]{subsection.2.3}{Description de chaque couche \(figure 17\)}{section.2}% 67
\BOOKMARK [1][-]{section.3}{Architecture D\351taill\351e de la solution}{}% 68
\BOOKMARK [2][-]{subsection.3.1}{Principe de fonctionnement}{section.3}% 69
\BOOKMARK [2][-]{subsection.3.2}{Partie mat\351rielle}{section.3}% 70
\BOOKMARK [2][-]{subsection.3.3}{Partie logicielle}{section.3}% 71
\BOOKMARK [3][-]{subsubsection.3.3.1}{Algorithme d'\351limination du bruit}{subsection.3.3}% 72
\BOOKMARK [1][-]{section.4}{Conclusion}{}% 73
\BOOKMARK [1][-]{section.4}{Chapitre 4 : Impl\351mentation des solutions propos\351es}{}% 74
\BOOKMARK [1][-]{section.1}{Impl\351mentation de la version 1 de la solution}{}% 75
\BOOKMARK [2][-]{subsection.1.1}{Outils et plateformes utilis\351es}{section.1}% 76
\BOOKMARK [3][-]{subsubsection.1.1.1}{Impl\351mentation}{subsection.1.1}% 77
\BOOKMARK [1][-]{section.2}{Impl\351mentation de la version 2 de la solution}{}% 78
\BOOKMARK [2][-]{subsection.2.1}{Introduction}{section.2}% 79
\BOOKMARK [2][-]{subsection.2.2}{Outils et plateformes}{section.2}% 80
\BOOKMARK [2][-]{subsection.2.3}{Ensemble de donn\351es \(Dataset\)}{section.2}% 81
\BOOKMARK [2][-]{subsection.2.4}{R\351alisation}{section.2}% 82
\BOOKMARK [2][-]{subsection.2.5}{Sc\351nario exp\351rimental}{section.2}% 83
\BOOKMARK [1][-]{section.3}{Conclusion}{}% 84
\BOOKMARK [1][-]{section.4}{Conclusion g\351n\351rale}{}% 85
